# JRE version: Java(TM) SE Runtime Environment (8.0_131-b11) (build 1.8.0_131-b11)
# Java VM: Java HotSpot(TM) 64-Bit Server VM (25.131-b11 mixed mode windows-amd64 compressed oops)
Heap:
 PSYoungGen      total 141312K, used 71385K [0x00000000d6000000, 0x00000000e5000000, 0x0000000100000000)
  eden space 130048K, 46% used [0x00000000d6000000,0x00000000d9abbbe0,0x00000000ddf00000)
  from space 11264K, 99% used [0x00000000ddf00000,0x00000000de9fab00,0x00000000dea00000)
  to   space 16384K, 0% used [0x00000000e4000000,0x00000000e4000000,0x00000000e5000000)
 ParOldGen       total 67072K, used 23220K [0x0000000082000000, 0x0000000086180000, 0x00000000d6000000)
  object space 67072K, 34% used [0x0000000082000000,0x00000000836ad0c8,0x0000000086180000)
 Metaspace       used 24204K, capacity 24738K, committed 25088K, reserved 1071104K
  class space    used 2812K, capacity 2964K, committed 3072K, reserved 1048576K
GC Heap History (10 events):
Event: 19.499 GC heap before
{Heap before GC invocations=4 (full 0):
 PSYoungGen      total 37888K, used 37856K [0x00000000d6000000, 0x00000000daa00000, 0x0000000100000000)
  eden space 32768K, 100% used [0x00000000d6000000,0x00000000d8000000,0x00000000d8000000)
  from space 5120K, 99% used [0x00000000d8000000,0x00000000d84f8050,0x00000000d8500000)
  to   space 5120K, 0% used [0x00000000da500000,0x00000000da500000,0x00000000daa00000)
 ParOldGen       total 86016K, used 5324K [0x0000000082000000, 0x0000000087400000, 0x00000000d6000000)
  object space 86016K, 6% used [0x0000000082000000,0x0000000082533300,0x0000000087400000)
 Metaspace       used 16192K, capacity 16512K, committed 16896K, reserved 1064960K
  class space    used 1942K, capacity 2010K, committed 2048K, reserved 1048576K
Event: 19.590 GC heap after
Heap after GC invocations=4 (full 0):
 PSYoungGen      total 70656K, used 5088K [0x00000000d6000000, 0x00000000daa00000, 0x0000000100000000)
  eden space 65536K, 0% used [0x00000000d6000000,0x00000000d6000000,0x00000000da000000)
  from space 5120K, 99% used [0x00000000da500000,0x00000000da9f8050,0x00000000daa00000)
  to   space 5120K, 0% used [0x00000000da000000,0x00000000da000000,0x00000000da500000)
 ParOldGen       total 86016K, used 7501K [0x0000000082000000, 0x0000000087400000, 0x00000000d6000000)
  object space 86016K, 8% used [0x0000000082000000,0x0000000082753540,0x0000000087400000)
 Metaspace       used 16192K, capacity 16512K, committed 16896K, reserved 1064960K
  class space    used 1942K, capacity 2010K, committed 2048K, reserved 1048576K
}
Event: 25.211 GC heap before
{Heap before GC invocations=5 (full 0):
 PSYoungGen      total 70656K, used 70624K [0x00000000d6000000, 0x00000000daa00000, 0x0000000100000000)
  eden space 65536K, 100% used [0x00000000d6000000,0x00000000da000000,0x00000000da000000)
  from space 5120K, 99% used [0x00000000da500000,0x00000000da9f8050,0x00000000daa00000)
  to   space 5120K, 0% used [0x00000000da000000,0x00000000da000000,0x00000000da500000)
 ParOldGen       total 86016K, used 7501K [0x0000000082000000, 0x0000000087400000, 0x00000000d6000000)
  object space 86016K, 8% used [0x0000000082000000,0x0000000082753540,0x0000000087400000)
 Metaspace       used 17815K, capacity 18266K, committed 18688K, reserved 1064960K
  class space    used 2074K, capacity 2189K, committed 2304K, reserved 1048576K
Event: 26.710 GC heap after
Heap after GC invocations=5 (full 0):
 PSYoungGen      total 70656K, used 5104K [0x00000000d6000000, 0x00000000df400000, 0x0000000100000000)
  eden space 65536K, 0% used [0x00000000d6000000,0x00000000d6000000,0x00000000da000000)
  from space 5120K, 99% used [0x00000000da000000,0x00000000da4fc040,0x00000000da500000)
  to   space 10240K, 0% used [0x00000000dea00000,0x00000000dea00000,0x00000000df400000)
 ParOldGen       total 86016K, used 11926K [0x0000000082000000, 0x0000000087400000, 0x00000000d6000000)
  object space 86016K, 13% used [0x0000000082000000,0x0000000082ba5ae0,0x0000000087400000)
 Metaspace       used 17815K, capacity 18266K, committed 18688K, reserved 1064960K
  class space    used 2074K, capacity 2189K, committed 2304K, reserved 1048576K
}
Event: 34.447 GC heap before
{Heap before GC invocations=6 (full 0):
 PSYoungGen      total 70656K, used 42736K [0x00000000d6000000, 0x00000000df400000, 0x0000000100000000)
  eden space 65536K, 57% used [0x00000000d6000000,0x00000000d84c02a8,0x00000000da000000)
  from space 5120K, 99% used [0x00000000da000000,0x00000000da4fc040,0x00000000da500000)
  to   space 10240K, 0% used [0x00000000dea00000,0x00000000dea00000,0x00000000df400000)
 ParOldGen       total 86016K, used 11926K [0x0000000082000000, 0x0000000087400000, 0x00000000d6000000)
  object space 86016K, 13% used [0x0000000082000000,0x0000000082ba5ae0,0x0000000087400000)
 Metaspace       used 20730K, capacity 21150K, committed 21248K, reserved 1069056K
  class space    used 2424K, capacity 2557K, committed 2560K, reserved 1048576K
Event: 34.639 GC heap after
Heap after GC invocations=6 (full 0):
 PSYoungGen      total 140288K, used 9303K [0x00000000d6000000, 0x00000000df600000, 0x0000000100000000)
  eden space 130048K, 0% used [0x00000000d6000000,0x00000000d6000000,0x00000000ddf00000)
  from space 10240K, 90% used [0x00000000dea00000,0x00000000df315e18,0x00000000df400000)
  to   space 11264K, 0% used [0x00000000ddf00000,0x00000000ddf00000,0x00000000dea00000)
 ParOldGen       total 86016K, used 11934K [0x0000000082000000, 0x0000000087400000, 0x00000000d6000000)
  object space 86016K, 13% used [0x0000000082000000,0x0000000082ba7ae0,0x0000000087400000)
 Metaspace       used 20730K, capacity 21150K, committed 21248K, reserved 1069056K
  class space    used 2424K, capacity 2557K, committed 2560K, reserved 1048576K
}
Event: 34.650 GC heap before
{Heap before GC invocations=7 (full 1):
 PSYoungGen      total 140288K, used 9303K [0x00000000d6000000, 0x00000000df600000, 0x0000000100000000)
  eden space 130048K, 0% used [0x00000000d6000000,0x00000000d6000000,0x00000000ddf00000)
  from space 10240K, 90% used [0x00000000dea00000,0x00000000df315e18,0x00000000df400000)
  to   space 11264K, 0% used [0x00000000ddf00000,0x00000000ddf00000,0x00000000dea00000)
 ParOldGen       total 86016K, used 11934K [0x0000000082000000, 0x0000000087400000, 0x00000000d6000000)
  object space 86016K, 13% used [0x0000000082000000,0x0000000082ba7ae0,0x0000000087400000)
 Metaspace       used 20730K, capacity 21150K, committed 21248K, reserved 1069056K
  class space    used 2424K, capacity 2557K, committed 2560K, reserved 1048576K
Event: 35.999 GC heap after
Heap after GC invocations=7 (full 1):
 PSYoungGen      total 140288K, used 0K [0x00000000d6000000, 0x00000000df600000, 0x0000000100000000)
  eden space 130048K, 0% used [0x00000000d6000000,0x00000000d6000000,0x00000000ddf00000)
  from space 10240K, 0% used [0x00000000dea00000,0x00000000dea00000,0x00000000df400000)
  to   space 11264K, 0% used [0x00000000ddf00000,0x00000000ddf00000,0x00000000dea00000)
 ParOldGen       total 67072K, used 15291K [0x0000000082000000, 0x0000000086180000, 0x00000000d6000000)
  object space 67072K, 22% used [0x0000000082000000,0x0000000082eeeed8,0x0000000086180000)
 Metaspace       used 20730K, capacity 21150K, committed 21248K, reserved 1069056K
  class space    used 2424K, capacity 2557K, committed 2560K, reserved 1048576K
}
Event: 45.069 GC heap before
{Heap before GC invocations=8 (full 1):
 PSYoungGen      total 140288K, used 130048K [0x00000000d6000000, 0x00000000df600000, 0x0000000100000000)
  eden space 130048K, 100% used [0x00000000d6000000,0x00000000ddf00000,0x00000000ddf00000)
  from space 10240K, 0% used [0x00000000dea00000,0x00000000dea00000,0x00000000df400000)
  to   space 11264K, 0% used [0x00000000ddf00000,0x00000000ddf00000,0x00000000dea00000)
 ParOldGen       total 67072K, used 15291K [0x0000000082000000, 0x0000000086180000, 0x00000000d6000000)
  object space 67072K, 22% used [0x0000000082000000,0x0000000082eeeed8,0x0000000086180000)
 Metaspace       used 24202K, capacity 24738K, committed 25088K, reserved 1071104K
  class space    used 2812K, capacity 2964K, committed 3072K, reserved 1048576K
Event: 46.174 GC heap after
Heap after GC invocations=8 (full 1):
 PSYoungGen      total 141312K, used 11242K [0x00000000d6000000, 0x00000000e5000000, 0x0000000100000000)
  eden space 130048K, 0% used [0x00000000d6000000,0x00000000d6000000,0x00000000ddf00000)
  from space 11264K, 99% used [0x00000000ddf00000,0x00000000de9fab00,0x00000000dea00000)
  to   space 16384K, 0% used [0x00000000e4000000,0x00000000e4000000,0x00000000e5000000)
 ParOldGen       total 67072K, used 23220K [0x0000000082000000, 0x0000000086180000, 0x00000000d6000000)
  object space 67072K, 34% used [0x0000000082000000,0x00000000836ad0c8,0x0000000086180000)
 Metaspace       used 24202K, capacity 24738K, committed 25088K, reserved 1071104K
  class space    used 2812K, capacity 2964K, committed 3072K, reserved 1048576K
}

